Determining if the pthread_create exist failed with the following output:
Change Dir: /homes/df4517/CDataStructures/CSplayTree/cmake-build-debug/CMakeFiles/CMakeTmp

Run Build Command:"/usr/bin/make" "cmTC_650fb/fast"
/usr/bin/make -f CMakeFiles/cmTC_650fb.dir/build.make CMakeFiles/cmTC_650fb.dir/build
make[1]: Entering directory '/homes/df4517/CDataStructures/CSplayTree/cmake-build-debug/CMakeFiles/CMakeTmp'
Building C object CMakeFiles/cmTC_650fb.dir/CheckSymbolExists.c.o
/usr/bin/cc    -o CMakeFiles/cmTC_650fb.dir/CheckSymbolExists.c.o   -c /homes/df4517/CDataStructures/CSplayTree/cmake-build-debug/CMakeFiles/CMakeTmp/CheckSymbolExists.c
Linking C executable cmTC_650fb
/usr/lib/clion-2018.2.2/bin/cmake/linux/bin/cmake -E cmake_link_script CMakeFiles/cmTC_650fb.dir/link.txt --verbose=1
/usr/bin/cc      -rdynamic CMakeFiles/cmTC_650fb.dir/CheckSymbolExists.c.o  -o cmTC_650fb 
CMakeFiles/cmTC_650fb.dir/CheckSymbolExists.c.o: In function `main':
CheckSymbolExists.c:(.text+0x1b): undefined reference to `pthread_create'
collect2: error: ld returned 1 exit status
CMakeFiles/cmTC_650fb.dir/build.make:86: recipe for target 'cmTC_650fb' failed
make[1]: *** [cmTC_650fb] Error 1
make[1]: Leaving directory '/homes/df4517/CDataStructures/CSplayTree/cmake-build-debug/CMakeFiles/CMakeTmp'
Makefile:121: recipe for target 'cmTC_650fb/fast' failed
make: *** [cmTC_650fb/fast] Error 2

File /homes/df4517/CDataStructures/CSplayTree/cmake-build-debug/CMakeFiles/CMakeTmp/CheckSymbolExists.c:
/* */
#include <pthread.h>

int main(int argc, char** argv)
{
  (void)argv;
#ifndef pthread_create
  return ((int*)(&pthread_create))[argc];
#else
  (void)argc;
  return 0;
#endif
}

Determining if the function pthread_create exists in the pthreads failed with the following output:
Change Dir: /homes/df4517/CDataStructures/CSplayTree/cmake-build-debug/CMakeFiles/CMakeTmp

Run Build Command:"/usr/bin/make" "cmTC_06e76/fast"
/usr/bin/make -f CMakeFiles/cmTC_06e76.dir/build.make CMakeFiles/cmTC_06e76.dir/build
make[1]: Entering directory '/homes/df4517/CDataStructures/CSplayTree/cmake-build-debug/CMakeFiles/CMakeTmp'
Building C object CMakeFiles/cmTC_06e76.dir/CheckFunctionExists.c.o
/usr/bin/cc   -DCHECK_FUNCTION_EXISTS=pthread_create   -o CMakeFiles/cmTC_06e76.dir/CheckFunctionExists.c.o   -c /usr/lib/clion-2018.2.2/bin/cmake/linux/share/cmake-3.12/Modules/CheckFunctionExists.c
Linking C executable cmTC_06e76
/usr/lib/clion-2018.2.2/bin/cmake/linux/bin/cmake -E cmake_link_script CMakeFiles/cmTC_06e76.dir/link.txt --verbose=1
/usr/bin/cc  -DCHECK_FUNCTION_EXISTS=pthread_create    -rdynamic CMakeFiles/cmTC_06e76.dir/CheckFunctionExists.c.o  -o cmTC_06e76 -lpthreads 
/usr/bin/ld: cannot find -lpthreads
collect2: error: ld returned 1 exit status
CMakeFiles/cmTC_06e76.dir/build.make:86: recipe for target 'cmTC_06e76' failed
make[1]: *** [cmTC_06e76] Error 1
make[1]: Leaving directory '/homes/df4517/CDataStructures/CSplayTree/cmake-build-debug/CMakeFiles/CMakeTmp'
Makefile:121: recipe for target 'cmTC_06e76/fast' failed
make: *** [cmTC_06e76/fast] Error 2


